mode: set
ppob/products/service/usecase.go:15.82,19.2 1 1
ppob/products/service/usecase.go:22.79,24.16 2 0
ppob/products/service/usecase.go:27.2,27.18 1 0
ppob/products/service/usecase.go:24.16,26.3 1 0
ppob/products/service/usecase.go:31.82,34.2 2 0
ppob/products/service/usecase.go:37.76,39.16 2 1
ppob/products/service/usecase.go:42.2,42.19 1 1
ppob/products/service/usecase.go:39.16,41.3 1 1
ppob/products/service/usecase.go:46.93,50.16 4 1
ppob/products/service/usecase.go:54.2,54.12 1 1
ppob/products/service/usecase.go:50.16,52.3 1 1
ppob/products/service/usecase.go:58.48,60.16 2 0
ppob/products/service/usecase.go:64.2,65.16 2 0
ppob/products/service/usecase.go:69.2,70.16 2 0
ppob/products/service/usecase.go:74.2,74.12 1 0
ppob/products/service/usecase.go:60.16,62.3 1 0
ppob/products/service/usecase.go:65.16,67.3 1 0
ppob/products/service/usecase.go:70.16,72.3 1 0
ppob/products/service/usecase.go:78.78,80.16 2 0
ppob/products/service/usecase.go:83.2,86.16 4 0
ppob/products/service/usecase.go:89.2,90.16 2 0
ppob/products/service/usecase.go:93.2,93.12 1 0
ppob/products/service/usecase.go:80.16,82.3 1 0
ppob/products/service/usecase.go:86.16,88.3 1 0
ppob/products/service/usecase.go:90.16,92.3 1 0
ppob/products/service/usecase.go:97.97,100.16 2 0
ppob/products/service/usecase.go:103.2,103.12 1 0
ppob/products/service/usecase.go:100.16,102.3 1 0
ppob/products/service/usecase.go:107.83,109.39 2 0
ppob/products/service/usecase.go:112.2,112.16 1 0
ppob/products/service/usecase.go:115.2,115.13 1 0
ppob/products/service/usecase.go:109.39,111.3 1 0
ppob/products/service/usecase.go:112.16,114.3 1 0
ppob/products/service/usecase.go:119.90,121.16 2 0
ppob/products/service/usecase.go:124.2,124.12 1 0
ppob/products/service/usecase.go:121.16,123.3 1 0
ppob/products/service/usecase.go:128.54,130.16 2 0
ppob/products/service/usecase.go:133.2,133.12 1 0
ppob/products/service/usecase.go:130.16,132.3 1 0
ppob/products/service/usecase.go:137.88,139.16 2 0
ppob/products/service/usecase.go:142.2,142.12 1 0
ppob/products/service/usecase.go:139.16,141.3 1 0
ppob/products/service/usecase.go:146.88,148.16 2 0
ppob/products/service/usecase.go:151.2,151.18 1 0
ppob/products/service/usecase.go:148.16,150.3 1 0
ppob/products/service/usecase.go:155.86,157.16 2 0
ppob/products/service/usecase.go:160.2,160.18 1 0
ppob/products/service/usecase.go:157.16,159.3 1 0
ppob/products/service/usecase.go:164.94,166.16 2 0
ppob/products/service/usecase.go:169.2,169.12 1 0
ppob/products/service/usecase.go:166.16,168.3 1 0
ppob/products/service/usecase.go:173.56,175.16 2 0
ppob/products/service/usecase.go:178.2,178.12 1 0
ppob/products/service/usecase.go:175.16,177.3 1 0
ppob/products/service/usecase.go:15.82,19.2 1 0
ppob/products/service/usecase.go:22.79,24.16 2 0
ppob/products/service/usecase.go:27.2,27.18 1 0
ppob/products/service/usecase.go:24.16,26.3 1 0
ppob/products/service/usecase.go:31.82,34.2 2 0
ppob/products/service/usecase.go:37.76,39.16 2 0
ppob/products/service/usecase.go:42.2,42.19 1 0
ppob/products/service/usecase.go:39.16,41.3 1 0
ppob/products/service/usecase.go:46.93,50.16 4 0
ppob/products/service/usecase.go:54.2,54.12 1 0
ppob/products/service/usecase.go:50.16,52.3 1 0
ppob/products/service/usecase.go:58.48,60.16 2 0
ppob/products/service/usecase.go:64.2,65.16 2 0
ppob/products/service/usecase.go:69.2,70.16 2 0
ppob/products/service/usecase.go:74.2,74.12 1 0
ppob/products/service/usecase.go:60.16,62.3 1 0
ppob/products/service/usecase.go:65.16,67.3 1 0
ppob/products/service/usecase.go:70.16,72.3 1 0
ppob/products/service/usecase.go:78.78,80.16 2 0
ppob/products/service/usecase.go:83.2,86.16 4 0
ppob/products/service/usecase.go:89.2,90.16 2 0
ppob/products/service/usecase.go:93.2,93.12 1 0
ppob/products/service/usecase.go:80.16,82.3 1 0
ppob/products/service/usecase.go:86.16,88.3 1 0
ppob/products/service/usecase.go:90.16,92.3 1 0
ppob/products/service/usecase.go:97.97,100.16 2 0
ppob/products/service/usecase.go:103.2,103.12 1 0
ppob/products/service/usecase.go:100.16,102.3 1 0
ppob/products/service/usecase.go:107.83,109.39 2 0
ppob/products/service/usecase.go:112.2,112.16 1 0
ppob/products/service/usecase.go:115.2,115.13 1 0
ppob/products/service/usecase.go:109.39,111.3 1 0
ppob/products/service/usecase.go:112.16,114.3 1 0
ppob/products/service/usecase.go:119.90,121.16 2 0
ppob/products/service/usecase.go:124.2,124.12 1 0
ppob/products/service/usecase.go:121.16,123.3 1 0
ppob/products/service/usecase.go:128.54,130.16 2 0
ppob/products/service/usecase.go:133.2,133.12 1 0
ppob/products/service/usecase.go:130.16,132.3 1 0
ppob/products/service/usecase.go:137.88,139.16 2 0
ppob/products/service/usecase.go:142.2,142.12 1 0
ppob/products/service/usecase.go:139.16,141.3 1 0
ppob/products/service/usecase.go:146.88,148.16 2 0
ppob/products/service/usecase.go:151.2,151.18 1 0
ppob/products/service/usecase.go:148.16,150.3 1 0
ppob/products/service/usecase.go:155.86,157.16 2 0
ppob/products/service/usecase.go:160.2,160.18 1 0
ppob/products/service/usecase.go:157.16,159.3 1 0
ppob/products/service/usecase.go:164.94,166.16 2 0
ppob/products/service/usecase.go:169.2,169.12 1 0
ppob/products/service/usecase.go:166.16,168.3 1 0
ppob/products/service/usecase.go:173.56,175.16 2 0
ppob/products/service/usecase.go:178.2,178.12 1 0
ppob/products/service/usecase.go:175.16,177.3 1 0
